<?xml version="1.0" encoding="UTF-8"?>
<!-- Generated by org.testng.reporters.JUnitXMLReporter -->
<testsuite hostname="Pranjul" ignored="8" name="Default test" tests="1" failures="0" timestamp="2021-04-27T15:01:19 IST" time="5.444" errors="0">
  <testcase name="Getalluser" time="5.383" classname="apiTests.Apitest"/>
  <testcase name="login" time="0.0" classname="apiTests.Apitest">
    <ignored/>
  </testcase> <!-- login -->
  <testcase name="Getuser" time="0.0" classname="apiTests.Apitest">
    <ignored/>
  </testcase> <!-- Getuser -->
  <testcase name="Createuser" time="0.0" classname="apiTests.Apitest">
    <ignored/>
  </testcase> <!-- Createuser -->
  <testcase name="Register" time="0.0" classname="apiTests.Apitest">
    <ignored/>
  </testcase> <!-- Register -->
  <testcase name="Getresourcelist" time="0.0" classname="apiTests.Apitest">
    <ignored/>
  </testcase> <!-- Getresourcelist -->
  <testcase name="Unsuccessful_login" time="0.0" classname="apiTests.Apitest">
    <ignored/>
  </testcase> <!-- Unsuccessful_login -->
  <testcase name="Getresource" time="0.0" classname="apiTests.Apitest">
    <ignored/>
  </testcase> <!-- Getresource -->
  <testcase name="Uncussessful_Register" time="0.0" classname="apiTests.Apitest">
    <ignored/>
  </testcase> <!-- Uncussessful_Register -->
</testsuite> <!-- Default test -->
