<?xml version="1.0" encoding="UTF-8"?>
<testng-results skipped="0" failed="0" ignored="8" total="9" passed="1">
  <reporter-output>
  </reporter-output>
  <suite name="Default suite" duration-ms="5444" started-at="2021-04-27T15:01:14 IST" finished-at="2021-04-27T15:01:19 IST">
    <groups>
    </groups>
    <test name="Default test" duration-ms="5444" started-at="2021-04-27T15:01:14 IST" finished-at="2021-04-27T15:01:19 IST">
      <class name="apiTests.Apitest">
        <test-method status="PASS" signature="Getalluser()[pri:0, instance:apiTests.Apitest@13b13b5d]" name="Getalluser" duration-ms="5383" started-at="2021-04-27T15:01:14 IST" finished-at="2021-04-27T15:01:19 IST">
          <reporter-output>
          </reporter-output>
        </test-method> <!-- Getalluser -->
      </class> <!-- apiTests.Apitest -->
    </test> <!-- Default test -->
  </suite> <!-- Default suite -->
</testng-results>
